============================= test session starts ==============================
platform linux -- Python 3.13.5, pytest-9.0.1, pluggy-1.5.0 -- /home/rajmahes/miniconda3/bin/python3
cachedir: .pytest_cache
rootdir: /home/rajmahes/needle-ssm
plugins: anyio-4.11.0
collecting ... Using needle backend
============================================================
Needle-SSM Full Test
============================================================

✓ Test 1: Imports
  Backend: nd
  Available devices: [cpu(), cuda(), cpu_numpy()]

✓ Test 2: CPU Tensor Operations
  CPU addition: [[1. 2.]
 [3. 4.]] + [[5. 6.]
 [7. 8.]] = [[ 6.  8.]
 [10. 12.]]

✓ Test 3: CUDA Tensor Operations
  CUDA addition successful!
  Result matches CPU: True

✓ Test 4: Neural Network Modules
  Linear layer created: <needle.nn.nn_basic.Linear object at 0x7f5b9b6e8c20>

✓ Test 5: Operations
  exp([1, 2, 3]) = [ 2.718282   7.3890557 20.085537 ]

============================================================
🎉 All tests completed!
============================================================
collected 702 items / 301 deselected / 401 selected

tests/test_ssm.py::test_s4_layer_forward PASSED
tests/test_ssm.py::test_s4_model_forward PASSED
tests/test_ssm.py::test_hippo_legs_init[cpu-4] PASSED
tests/test_ssm.py::test_hippo_legs_init[cpu-8] PASSED
tests/test_ssm.py::test_hippo_legs_init[cpu-16] PASSED
tests/test_ssm.py::test_hippo_legs_init[cuda-4] PASSED
tests/test_ssm.py::test_hippo_legs_init[cuda-8] PASSED
tests/test_ssm.py::test_hippo_legs_init[cuda-16] PASSED
tests/test_ssm.py::test_s4_layer_variants[cpu-0.0-8-32-16-5-2] PASSED
tests/test_ssm.py::test_s4_layer_variants[cpu-0.0-8-32-16-5-4] PASSED
tests/test_ssm.py::test_s4_layer_variants[cpu-0.0-8-32-16-11-2] PASSED
tests/test_ssm.py::test_s4_layer_variants[cpu-0.0-8-32-16-11-4] PASSED
tests/test_ssm.py::test_s4_layer_variants[cpu-0.0-8-32-32-5-2] PASSED
tests/test_ssm.py::test_s4_layer_variants[cpu-0.0-8-32-32-5-4] PASSED
tests/test_ssm.py::test_s4_layer_variants[cpu-0.0-8-32-32-11-2] PASSED
tests/test_ssm.py::test_s4_layer_variants[cpu-0.0-8-32-32-11-4] PASSED
tests/test_ssm.py::test_s4_layer_variants[cpu-0.0-8-64-16-5-2] PASSED
tests/test_ssm.py::test_s4_layer_variants[cpu-0.0-8-64-16-5-4] PASSED
tests/test_ssm.py::test_s4_layer_variants[cpu-0.0-8-64-16-11-2] PASSED
tests/test_ssm.py::test_s4_layer_variants[cpu-0.0-8-64-16-11-4] PASSED
tests/test_ssm.py::test_s4_layer_variants[cpu-0.0-8-64-32-5-2] PASSED
tests/test_ssm.py::test_s4_layer_variants[cpu-0.0-8-64-32-5-4] PASSED
tests/test_ssm.py::test_s4_layer_variants[cpu-0.0-8-64-32-11-2] PASSED
tests/test_ssm.py::test_s4_layer_variants[cpu-0.0-8-64-32-11-4] PASSED
tests/test_ssm.py::test_s4_layer_variants[cpu-0.0-16-32-16-5-2] PASSED
tests/test_ssm.py::test_s4_layer_variants[cpu-0.0-16-32-16-5-4] PASSED
tests/test_ssm.py::test_s4_layer_variants[cpu-0.0-16-32-16-11-2] PASSED
tests/test_ssm.py::test_s4_layer_variants[cpu-0.0-16-32-16-11-4] PASSED
tests/test_ssm.py::test_s4_layer_variants[cpu-0.0-16-32-32-5-2] PASSED
tests/test_ssm.py::test_s4_layer_variants[cpu-0.0-16-32-32-5-4] PASSED
tests/test_ssm.py::test_s4_layer_variants[cpu-0.0-16-32-32-11-2] PASSED
tests/test_ssm.py::test_s4_layer_variants[cpu-0.0-16-32-32-11-4] PASSED
tests/test_ssm.py::test_s4_layer_variants[cpu-0.0-16-64-16-5-2] PASSED
tests/test_ssm.py::test_s4_layer_variants[cpu-0.0-16-64-16-5-4] PASSED
tests/test_ssm.py::test_s4_layer_variants[cpu-0.0-16-64-16-11-2] PASSED
tests/test_ssm.py::test_s4_layer_variants[cpu-0.0-16-64-16-11-4] PASSED
tests/test_ssm.py::test_s4_layer_variants[cpu-0.0-16-64-32-5-2] PASSED
tests/test_ssm.py::test_s4_layer_variants[cpu-0.0-16-64-32-5-4] PASSED
tests/test_ssm.py::test_s4_layer_variants[cpu-0.0-16-64-32-11-2] PASSED
tests/test_ssm.py::test_s4_layer_variants[cpu-0.0-16-64-32-11-4] PASSED
tests/test_ssm.py::test_s4_layer_variants[cpu-0.1-8-32-16-5-2] PASSED
tests/test_ssm.py::test_s4_layer_variants[cpu-0.1-8-32-16-5-4] PASSED
tests/test_ssm.py::test_s4_layer_variants[cpu-0.1-8-32-16-11-2] PASSED
tests/test_ssm.py::test_s4_layer_variants[cpu-0.1-8-32-16-11-4] PASSED
tests/test_ssm.py::test_s4_layer_variants[cpu-0.1-8-32-32-5-2] PASSED
tests/test_ssm.py::test_s4_layer_variants[cpu-0.1-8-32-32-5-4] PASSED
tests/test_ssm.py::test_s4_layer_variants[cpu-0.1-8-32-32-11-2] PASSED
tests/test_ssm.py::test_s4_layer_variants[cpu-0.1-8-32-32-11-4] PASSED
tests/test_ssm.py::test_s4_layer_variants[cpu-0.1-8-64-16-5-2] PASSED
tests/test_ssm.py::test_s4_layer_variants[cpu-0.1-8-64-16-5-4] PASSED
tests/test_ssm.py::test_s4_layer_variants[cpu-0.1-8-64-16-11-2] PASSED
tests/test_ssm.py::test_s4_layer_variants[cpu-0.1-8-64-16-11-4] PASSED
tests/test_ssm.py::test_s4_layer_variants[cpu-0.1-8-64-32-5-2] PASSED
tests/test_ssm.py::test_s4_layer_variants[cpu-0.1-8-64-32-5-4] PASSED
tests/test_ssm.py::test_s4_layer_variants[cpu-0.1-8-64-32-11-2] PASSED
tests/test_ssm.py::test_s4_layer_variants[cpu-0.1-8-64-32-11-4] PASSED
tests/test_ssm.py::test_s4_layer_variants[cpu-0.1-16-32-16-5-2] PASSED
tests/test_ssm.py::test_s4_layer_variants[cpu-0.1-16-32-16-5-4] PASSED
tests/test_ssm.py::test_s4_layer_variants[cpu-0.1-16-32-16-11-2] PASSED
tests/test_ssm.py::test_s4_layer_variants[cpu-0.1-16-32-16-11-4] PASSED
tests/test_ssm.py::test_s4_layer_variants[cpu-0.1-16-32-32-5-2] PASSED
tests/test_ssm.py::test_s4_layer_variants[cpu-0.1-16-32-32-5-4] PASSED
tests/test_ssm.py::test_s4_layer_variants[cpu-0.1-16-32-32-11-2] PASSED
tests/test_ssm.py::test_s4_layer_variants[cpu-0.1-16-32-32-11-4] PASSED
tests/test_ssm.py::test_s4_layer_variants[cpu-0.1-16-64-16-5-2] PASSED
tests/test_ssm.py::test_s4_layer_variants[cpu-0.1-16-64-16-5-4] PASSED
tests/test_ssm.py::test_s4_layer_variants[cpu-0.1-16-64-16-11-2] PASSED
tests/test_ssm.py::test_s4_layer_variants[cpu-0.1-16-64-16-11-4] PASSED
tests/test_ssm.py::test_s4_layer_variants[cpu-0.1-16-64-32-5-2] PASSED
tests/test_ssm.py::test_s4_layer_variants[cpu-0.1-16-64-32-5-4] PASSED
tests/test_ssm.py::test_s4_layer_variants[cpu-0.1-16-64-32-11-2] PASSED
tests/test_ssm.py::test_s4_layer_variants[cpu-0.1-16-64-32-11-4] PASSED
tests/test_ssm.py::test_s4_layer_variants[cuda-0.0-8-32-16-5-2] PASSED
tests/test_ssm.py::test_s4_layer_variants[cuda-0.0-8-32-16-5-4] PASSED
tests/test_ssm.py::test_s4_layer_variants[cuda-0.0-8-32-16-11-2] PASSED
tests/test_ssm.py::test_s4_layer_variants[cuda-0.0-8-32-16-11-4] PASSED
tests/test_ssm.py::test_s4_layer_variants[cuda-0.0-8-32-32-5-2] PASSED
tests/test_ssm.py::test_s4_layer_variants[cuda-0.0-8-32-32-5-4] PASSED
tests/test_ssm.py::test_s4_layer_variants[cuda-0.0-8-32-32-11-2] PASSED
tests/test_ssm.py::test_s4_layer_variants[cuda-0.0-8-32-32-11-4] PASSED
tests/test_ssm.py::test_s4_layer_variants[cuda-0.0-8-64-16-5-2] PASSED
tests/test_ssm.py::test_s4_layer_variants[cuda-0.0-8-64-16-5-4] PASSED
tests/test_ssm.py::test_s4_layer_variants[cuda-0.0-8-64-16-11-2] PASSED
tests/test_ssm.py::test_s4_layer_variants[cuda-0.0-8-64-16-11-4] PASSED
tests/test_ssm.py::test_s4_layer_variants[cuda-0.0-8-64-32-5-2] PASSED
tests/test_ssm.py::test_s4_layer_variants[cuda-0.0-8-64-32-5-4] PASSED
tests/test_ssm.py::test_s4_layer_variants[cuda-0.0-8-64-32-11-2] PASSED
tests/test_ssm.py::test_s4_layer_variants[cuda-0.0-8-64-32-11-4] PASSED
tests/test_ssm.py::test_s4_layer_variants[cuda-0.0-16-32-16-5-2] PASSED
tests/test_ssm.py::test_s4_layer_variants[cuda-0.0-16-32-16-5-4] PASSED
tests/test_ssm.py::test_s4_layer_variants[cuda-0.0-16-32-16-11-2] PASSED
tests/test_ssm.py::test_s4_layer_variants[cuda-0.0-16-32-16-11-4] PASSED
tests/test_ssm.py::test_s4_layer_variants[cuda-0.0-16-32-32-5-2] PASSED
tests/test_ssm.py::test_s4_layer_variants[cuda-0.0-16-32-32-5-4] PASSED
tests/test_ssm.py::test_s4_layer_variants[cuda-0.0-16-32-32-11-2] PASSED
tests/test_ssm.py::test_s4_layer_variants[cuda-0.0-16-32-32-11-4] PASSED
tests/test_ssm.py::test_s4_layer_variants[cuda-0.0-16-64-16-5-2] PASSED
tests/test_ssm.py::test_s4_layer_variants[cuda-0.0-16-64-16-5-4] PASSED
tests/test_ssm.py::test_s4_layer_variants[cuda-0.0-16-64-16-11-2] PASSED
tests/test_ssm.py::test_s4_layer_variants[cuda-0.0-16-64-16-11-4] PASSED
tests/test_ssm.py::test_s4_layer_variants[cuda-0.0-16-64-32-5-2] PASSED
tests/test_ssm.py::test_s4_layer_variants[cuda-0.0-16-64-32-5-4] PASSED
tests/test_ssm.py::test_s4_layer_variants[cuda-0.0-16-64-32-11-2] PASSED
tests/test_ssm.py::test_s4_layer_variants[cuda-0.0-16-64-32-11-4] PASSED
tests/test_ssm.py::test_s4_layer_variants[cuda-0.1-8-32-16-5-2] PASSED
tests/test_ssm.py::test_s4_layer_variants[cuda-0.1-8-32-16-5-4] PASSED
tests/test_ssm.py::test_s4_layer_variants[cuda-0.1-8-32-16-11-2] PASSED
tests/test_ssm.py::test_s4_layer_variants[cuda-0.1-8-32-16-11-4] PASSED
tests/test_ssm.py::test_s4_layer_variants[cuda-0.1-8-32-32-5-2] PASSED
tests/test_ssm.py::test_s4_layer_variants[cuda-0.1-8-32-32-5-4] PASSED
tests/test_ssm.py::test_s4_layer_variants[cuda-0.1-8-32-32-11-2] PASSED
tests/test_ssm.py::test_s4_layer_variants[cuda-0.1-8-32-32-11-4] PASSED
tests/test_ssm.py::test_s4_layer_variants[cuda-0.1-8-64-16-5-2] PASSED
tests/test_ssm.py::test_s4_layer_variants[cuda-0.1-8-64-16-5-4] PASSED
tests/test_ssm.py::test_s4_layer_variants[cuda-0.1-8-64-16-11-2] PASSED
tests/test_ssm.py::test_s4_layer_variants[cuda-0.1-8-64-16-11-4] PASSED
tests/test_ssm.py::test_s4_layer_variants[cuda-0.1-8-64-32-5-2] PASSED
tests/test_ssm.py::test_s4_layer_variants[cuda-0.1-8-64-32-5-4] PASSED
tests/test_ssm.py::test_s4_layer_variants[cuda-0.1-8-64-32-11-2] PASSED
tests/test_ssm.py::test_s4_layer_variants[cuda-0.1-8-64-32-11-4] PASSED
tests/test_ssm.py::test_s4_layer_variants[cuda-0.1-16-32-16-5-2] PASSED
tests/test_ssm.py::test_s4_layer_variants[cuda-0.1-16-32-16-5-4] PASSED
tests/test_ssm.py::test_s4_layer_variants[cuda-0.1-16-32-16-11-2] PASSED
tests/test_ssm.py::test_s4_layer_variants[cuda-0.1-16-32-16-11-4] PASSED
tests/test_ssm.py::test_s4_layer_variants[cuda-0.1-16-32-32-5-2] PASSED
tests/test_ssm.py::test_s4_layer_variants[cuda-0.1-16-32-32-5-4] PASSED
tests/test_ssm.py::test_s4_layer_variants[cuda-0.1-16-32-32-11-2] PASSED
tests/test_ssm.py::test_s4_layer_variants[cuda-0.1-16-32-32-11-4] PASSED
tests/test_ssm.py::test_s4_layer_variants[cuda-0.1-16-64-16-5-2] PASSED
tests/test_ssm.py::test_s4_layer_variants[cuda-0.1-16-64-16-5-4] PASSED
tests/test_ssm.py::test_s4_layer_variants[cuda-0.1-16-64-16-11-2] PASSED
tests/test_ssm.py::test_s4_layer_variants[cuda-0.1-16-64-16-11-4] PASSED
tests/test_ssm.py::test_s4_layer_variants[cuda-0.1-16-64-32-5-2] PASSED
tests/test_ssm.py::test_s4_layer_variants[cuda-0.1-16-64-32-5-4] PASSED
tests/test_ssm.py::test_s4_layer_variants[cuda-0.1-16-64-32-11-2] PASSED
tests/test_ssm.py::test_s4_layer_variants[cuda-0.1-16-64-32-11-4] PASSED
tests/test_ssm.py::test_s4_model_variants[cpu-0.0-8-1-32-16-5-2] PASSED
tests/test_ssm.py::test_s4_model_variants[cpu-0.0-8-1-32-16-5-4] PASSED
tests/test_ssm.py::test_s4_model_variants[cpu-0.0-8-1-32-16-11-2] PASSED
tests/test_ssm.py::test_s4_model_variants[cpu-0.0-8-1-32-16-11-4] PASSED
tests/test_ssm.py::test_s4_model_variants[cpu-0.0-8-1-32-32-5-2] PASSED
tests/test_ssm.py::test_s4_model_variants[cpu-0.0-8-1-32-32-5-4] PASSED
tests/test_ssm.py::test_s4_model_variants[cpu-0.0-8-1-32-32-11-2] PASSED
tests/test_ssm.py::test_s4_model_variants[cpu-0.0-8-1-32-32-11-4] PASSED
tests/test_ssm.py::test_s4_model_variants[cpu-0.0-8-1-64-16-5-2] PASSED
tests/test_ssm.py::test_s4_model_variants[cpu-0.0-8-1-64-16-5-4] PASSED
tests/test_ssm.py::test_s4_model_variants[cpu-0.0-8-1-64-16-11-2] PASSED
tests/test_ssm.py::test_s4_model_variants[cpu-0.0-8-1-64-16-11-4] PASSED
tests/test_ssm.py::test_s4_model_variants[cpu-0.0-8-1-64-32-5-2] PASSED
tests/test_ssm.py::test_s4_model_variants[cpu-0.0-8-1-64-32-5-4] PASSED
tests/test_ssm.py::test_s4_model_variants[cpu-0.0-8-1-64-32-11-2] PASSED
tests/test_ssm.py::test_s4_model_variants[cpu-0.0-8-1-64-32-11-4] PASSED
tests/test_ssm.py::test_s4_model_variants[cpu-0.0-8-2-32-16-5-2] PASSED
tests/test_ssm.py::test_s4_model_variants[cpu-0.0-8-2-32-16-5-4] PASSED
tests/test_ssm.py::test_s4_model_variants[cpu-0.0-8-2-32-16-11-2] PASSED
tests/test_ssm.py::test_s4_model_variants[cpu-0.0-8-2-32-16-11-4] PASSED
tests/test_ssm.py::test_s4_model_variants[cpu-0.0-8-2-32-32-5-2] PASSED
tests/test_ssm.py::test_s4_model_variants[cpu-0.0-8-2-32-32-5-4] PASSED
tests/test_ssm.py::test_s4_model_variants[cpu-0.0-8-2-32-32-11-2] PASSED
tests/test_ssm.py::test_s4_model_variants[cpu-0.0-8-2-32-32-11-4] PASSED
tests/test_ssm.py::test_s4_model_variants[cpu-0.0-8-2-64-16-5-2] PASSED
tests/test_ssm.py::test_s4_model_variants[cpu-0.0-8-2-64-16-5-4] PASSED
tests/test_ssm.py::test_s4_model_variants[cpu-0.0-8-2-64-16-11-2] PASSED
tests/test_ssm.py::test_s4_model_variants[cpu-0.0-8-2-64-16-11-4] PASSED
tests/test_ssm.py::test_s4_model_variants[cpu-0.0-8-2-64-32-5-2] PASSED
tests/test_ssm.py::test_s4_model_variants[cpu-0.0-8-2-64-32-5-4] PASSED
tests/test_ssm.py::test_s4_model_variants[cpu-0.0-8-2-64-32-11-2] PASSED
tests/test_ssm.py::test_s4_model_variants[cpu-0.0-8-2-64-32-11-4] PASSED
tests/test_ssm.py::test_s4_model_variants[cpu-0.0-16-1-32-16-5-2] PASSED
tests/test_ssm.py::test_s4_model_variants[cpu-0.0-16-1-32-16-5-4] PASSED
tests/test_ssm.py::test_s4_model_variants[cpu-0.0-16-1-32-16-11-2] PASSED
tests/test_ssm.py::test_s4_model_variants[cpu-0.0-16-1-32-16-11-4] PASSED
tests/test_ssm.py::test_s4_model_variants[cpu-0.0-16-1-32-32-5-2] PASSED
tests/test_ssm.py::test_s4_model_variants[cpu-0.0-16-1-32-32-5-4] PASSED
tests/test_ssm.py::test_s4_model_variants[cpu-0.0-16-1-32-32-11-2] PASSED
tests/test_ssm.py::test_s4_model_variants[cpu-0.0-16-1-32-32-11-4] PASSED
tests/test_ssm.py::test_s4_model_variants[cpu-0.0-16-1-64-16-5-2] PASSED
tests/test_ssm.py::test_s4_model_variants[cpu-0.0-16-1-64-16-5-4] PASSED
tests/test_ssm.py::test_s4_model_variants[cpu-0.0-16-1-64-16-11-2] PASSED
tests/test_ssm.py::test_s4_model_variants[cpu-0.0-16-1-64-16-11-4] PASSED
tests/test_ssm.py::test_s4_model_variants[cpu-0.0-16-1-64-32-5-2] PASSED
tests/test_ssm.py::test_s4_model_variants[cpu-0.0-16-1-64-32-5-4] PASSED
tests/test_ssm.py::test_s4_model_variants[cpu-0.0-16-1-64-32-11-2] PASSED
tests/test_ssm.py::test_s4_model_variants[cpu-0.0-16-1-64-32-11-4] PASSED
tests/test_ssm.py::test_s4_model_variants[cpu-0.0-16-2-32-16-5-2] PASSED
tests/test_ssm.py::test_s4_model_variants[cpu-0.0-16-2-32-16-5-4] PASSED
tests/test_ssm.py::test_s4_model_variants[cpu-0.0-16-2-32-16-11-2] PASSED
tests/test_ssm.py::test_s4_model_variants[cpu-0.0-16-2-32-16-11-4] PASSED
tests/test_ssm.py::test_s4_model_variants[cpu-0.0-16-2-32-32-5-2] PASSED
tests/test_ssm.py::test_s4_model_variants[cpu-0.0-16-2-32-32-5-4] PASSED
tests/test_ssm.py::test_s4_model_variants[cpu-0.0-16-2-32-32-11-2] PASSED
tests/test_ssm.py::test_s4_model_variants[cpu-0.0-16-2-32-32-11-4] PASSED
tests/test_ssm.py::test_s4_model_variants[cpu-0.0-16-2-64-16-5-2] PASSED
tests/test_ssm.py::test_s4_model_variants[cpu-0.0-16-2-64-16-5-4] PASSED
tests/test_ssm.py::test_s4_model_variants[cpu-0.0-16-2-64-16-11-2] PASSED
tests/test_ssm.py::test_s4_model_variants[cpu-0.0-16-2-64-16-11-4] PASSED
tests/test_ssm.py::test_s4_model_variants[cpu-0.0-16-2-64-32-5-2] PASSED
tests/test_ssm.py::test_s4_model_variants[cpu-0.0-16-2-64-32-5-4] PASSED
tests/test_ssm.py::test_s4_model_variants[cpu-0.0-16-2-64-32-11-2] PASSED
tests/test_ssm.py::test_s4_model_variants[cpu-0.0-16-2-64-32-11-4] PASSED
tests/test_ssm.py::test_s4_model_variants[cpu-0.1-8-1-32-16-5-2] PASSED
tests/test_ssm.py::test_s4_model_variants[cpu-0.1-8-1-32-16-5-4] PASSED
tests/test_ssm.py::test_s4_model_variants[cpu-0.1-8-1-32-16-11-2] PASSED
tests/test_ssm.py::test_s4_model_variants[cpu-0.1-8-1-32-16-11-4] PASSED
tests/test_ssm.py::test_s4_model_variants[cpu-0.1-8-1-32-32-5-2] PASSED
tests/test_ssm.py::test_s4_model_variants[cpu-0.1-8-1-32-32-5-4] PASSED
tests/test_ssm.py::test_s4_model_variants[cpu-0.1-8-1-32-32-11-2] PASSED
tests/test_ssm.py::test_s4_model_variants[cpu-0.1-8-1-32-32-11-4] PASSED
tests/test_ssm.py::test_s4_model_variants[cpu-0.1-8-1-64-16-5-2] PASSED
tests/test_ssm.py::test_s4_model_variants[cpu-0.1-8-1-64-16-5-4] PASSED
tests/test_ssm.py::test_s4_model_variants[cpu-0.1-8-1-64-16-11-2] PASSED
tests/test_ssm.py::test_s4_model_variants[cpu-0.1-8-1-64-16-11-4] PASSED
tests/test_ssm.py::test_s4_model_variants[cpu-0.1-8-1-64-32-5-2] PASSED
tests/test_ssm.py::test_s4_model_variants[cpu-0.1-8-1-64-32-5-4] PASSED
tests/test_ssm.py::test_s4_model_variants[cpu-0.1-8-1-64-32-11-2] PASSED
tests/test_ssm.py::test_s4_model_variants[cpu-0.1-8-1-64-32-11-4] PASSED
tests/test_ssm.py::test_s4_model_variants[cpu-0.1-8-2-32-16-5-2] PASSED
tests/test_ssm.py::test_s4_model_variants[cpu-0.1-8-2-32-16-5-4] PASSED
tests/test_ssm.py::test_s4_model_variants[cpu-0.1-8-2-32-16-11-2] PASSED
tests/test_ssm.py::test_s4_model_variants[cpu-0.1-8-2-32-16-11-4] PASSED
tests/test_ssm.py::test_s4_model_variants[cpu-0.1-8-2-32-32-5-2] PASSED
tests/test_ssm.py::test_s4_model_variants[cpu-0.1-8-2-32-32-5-4] PASSED
tests/test_ssm.py::test_s4_model_variants[cpu-0.1-8-2-32-32-11-2] PASSED
tests/test_ssm.py::test_s4_model_variants[cpu-0.1-8-2-32-32-11-4] PASSED
tests/test_ssm.py::test_s4_model_variants[cpu-0.1-8-2-64-16-5-2] PASSED
tests/test_ssm.py::test_s4_model_variants[cpu-0.1-8-2-64-16-5-4] PASSED
tests/test_ssm.py::test_s4_model_variants[cpu-0.1-8-2-64-16-11-2] PASSED
tests/test_ssm.py::test_s4_model_variants[cpu-0.1-8-2-64-16-11-4] PASSED
tests/test_ssm.py::test_s4_model_variants[cpu-0.1-8-2-64-32-5-2] PASSED
tests/test_ssm.py::test_s4_model_variants[cpu-0.1-8-2-64-32-5-4] PASSED
tests/test_ssm.py::test_s4_model_variants[cpu-0.1-8-2-64-32-11-2] PASSED
tests/test_ssm.py::test_s4_model_variants[cpu-0.1-8-2-64-32-11-4] PASSED
tests/test_ssm.py::test_s4_model_variants[cpu-0.1-16-1-32-16-5-2] PASSED
tests/test_ssm.py::test_s4_model_variants[cpu-0.1-16-1-32-16-5-4] PASSED
tests/test_ssm.py::test_s4_model_variants[cpu-0.1-16-1-32-16-11-2] PASSED
tests/test_ssm.py::test_s4_model_variants[cpu-0.1-16-1-32-16-11-4] PASSED
tests/test_ssm.py::test_s4_model_variants[cpu-0.1-16-1-32-32-5-2] PASSED
tests/test_ssm.py::test_s4_model_variants[cpu-0.1-16-1-32-32-5-4] PASSED
tests/test_ssm.py::test_s4_model_variants[cpu-0.1-16-1-32-32-11-2] PASSED
tests/test_ssm.py::test_s4_model_variants[cpu-0.1-16-1-32-32-11-4] PASSED
tests/test_ssm.py::test_s4_model_variants[cpu-0.1-16-1-64-16-5-2] PASSED
tests/test_ssm.py::test_s4_model_variants[cpu-0.1-16-1-64-16-5-4] PASSED
tests/test_ssm.py::test_s4_model_variants[cpu-0.1-16-1-64-16-11-2] PASSED
tests/test_ssm.py::test_s4_model_variants[cpu-0.1-16-1-64-16-11-4] PASSED
tests/test_ssm.py::test_s4_model_variants[cpu-0.1-16-1-64-32-5-2] PASSED
tests/test_ssm.py::test_s4_model_variants[cpu-0.1-16-1-64-32-5-4] PASSED
tests/test_ssm.py::test_s4_model_variants[cpu-0.1-16-1-64-32-11-2] PASSED
tests/test_ssm.py::test_s4_model_variants[cpu-0.1-16-1-64-32-11-4] PASSED
tests/test_ssm.py::test_s4_model_variants[cpu-0.1-16-2-32-16-5-2] PASSED
tests/test_ssm.py::test_s4_model_variants[cpu-0.1-16-2-32-16-5-4] PASSED
tests/test_ssm.py::test_s4_model_variants[cpu-0.1-16-2-32-16-11-2] PASSED
tests/test_ssm.py::test_s4_model_variants[cpu-0.1-16-2-32-16-11-4] PASSED
tests/test_ssm.py::test_s4_model_variants[cpu-0.1-16-2-32-32-5-2] PASSED
tests/test_ssm.py::test_s4_model_variants[cpu-0.1-16-2-32-32-5-4] PASSED
tests/test_ssm.py::test_s4_model_variants[cpu-0.1-16-2-32-32-11-2] PASSED
tests/test_ssm.py::test_s4_model_variants[cpu-0.1-16-2-32-32-11-4] PASSED
tests/test_ssm.py::test_s4_model_variants[cpu-0.1-16-2-64-16-5-2] PASSED
tests/test_ssm.py::test_s4_model_variants[cpu-0.1-16-2-64-16-5-4] PASSED
tests/test_ssm.py::test_s4_model_variants[cpu-0.1-16-2-64-16-11-2] PASSED
tests/test_ssm.py::test_s4_model_variants[cpu-0.1-16-2-64-16-11-4] PASSED
tests/test_ssm.py::test_s4_model_variants[cpu-0.1-16-2-64-32-5-2] PASSED
tests/test_ssm.py::test_s4_model_variants[cpu-0.1-16-2-64-32-5-4] PASSED
tests/test_ssm.py::test_s4_model_variants[cpu-0.1-16-2-64-32-11-2] PASSED
tests/test_ssm.py::test_s4_model_variants[cpu-0.1-16-2-64-32-11-4] PASSED
tests/test_ssm.py::test_s4_model_variants[cuda-0.0-8-1-32-16-5-2] PASSED
tests/test_ssm.py::test_s4_model_variants[cuda-0.0-8-1-32-16-5-4] PASSED
tests/test_ssm.py::test_s4_model_variants[cuda-0.0-8-1-32-16-11-2] PASSED
tests/test_ssm.py::test_s4_model_variants[cuda-0.0-8-1-32-16-11-4] PASSED
tests/test_ssm.py::test_s4_model_variants[cuda-0.0-8-1-32-32-5-2] PASSED
tests/test_ssm.py::test_s4_model_variants[cuda-0.0-8-1-32-32-5-4] PASSED
tests/test_ssm.py::test_s4_model_variants[cuda-0.0-8-1-32-32-11-2] PASSED
tests/test_ssm.py::test_s4_model_variants[cuda-0.0-8-1-32-32-11-4] PASSED
tests/test_ssm.py::test_s4_model_variants[cuda-0.0-8-1-64-16-5-2] PASSED
tests/test_ssm.py::test_s4_model_variants[cuda-0.0-8-1-64-16-5-4] PASSED
tests/test_ssm.py::test_s4_model_variants[cuda-0.0-8-1-64-16-11-2] PASSED
tests/test_ssm.py::test_s4_model_variants[cuda-0.0-8-1-64-16-11-4] PASSED
tests/test_ssm.py::test_s4_model_variants[cuda-0.0-8-1-64-32-5-2] PASSED
tests/test_ssm.py::test_s4_model_variants[cuda-0.0-8-1-64-32-5-4] PASSED
tests/test_ssm.py::test_s4_model_variants[cuda-0.0-8-1-64-32-11-2] PASSED
tests/test_ssm.py::test_s4_model_variants[cuda-0.0-8-1-64-32-11-4] PASSED
tests/test_ssm.py::test_s4_model_variants[cuda-0.0-8-2-32-16-5-2] PASSED
tests/test_ssm.py::test_s4_model_variants[cuda-0.0-8-2-32-16-5-4] PASSED
tests/test_ssm.py::test_s4_model_variants[cuda-0.0-8-2-32-16-11-2] PASSED
tests/test_ssm.py::test_s4_model_variants[cuda-0.0-8-2-32-16-11-4] PASSED
tests/test_ssm.py::test_s4_model_variants[cuda-0.0-8-2-32-32-5-2] PASSED
tests/test_ssm.py::test_s4_model_variants[cuda-0.0-8-2-32-32-5-4] PASSED
tests/test_ssm.py::test_s4_model_variants[cuda-0.0-8-2-32-32-11-2] PASSED
tests/test_ssm.py::test_s4_model_variants[cuda-0.0-8-2-32-32-11-4] PASSED
tests/test_ssm.py::test_s4_model_variants[cuda-0.0-8-2-64-16-5-2] PASSED
tests/test_ssm.py::test_s4_model_variants[cuda-0.0-8-2-64-16-5-4] PASSED
tests/test_ssm.py::test_s4_model_variants[cuda-0.0-8-2-64-16-11-2] PASSED
tests/test_ssm.py::test_s4_model_variants[cuda-0.0-8-2-64-16-11-4] PASSED
tests/test_ssm.py::test_s4_model_variants[cuda-0.0-8-2-64-32-5-2] PASSED
tests/test_ssm.py::test_s4_model_variants[cuda-0.0-8-2-64-32-5-4] PASSED
tests/test_ssm.py::test_s4_model_variants[cuda-0.0-8-2-64-32-11-2] PASSED
tests/test_ssm.py::test_s4_model_variants[cuda-0.0-8-2-64-32-11-4] PASSED
tests/test_ssm.py::test_s4_model_variants[cuda-0.0-16-1-32-16-5-2] PASSED
tests/test_ssm.py::test_s4_model_variants[cuda-0.0-16-1-32-16-5-4] PASSED
tests/test_ssm.py::test_s4_model_variants[cuda-0.0-16-1-32-16-11-2] PASSED
tests/test_ssm.py::test_s4_model_variants[cuda-0.0-16-1-32-16-11-4] PASSED
tests/test_ssm.py::test_s4_model_variants[cuda-0.0-16-1-32-32-5-2] PASSED
tests/test_ssm.py::test_s4_model_variants[cuda-0.0-16-1-32-32-5-4] PASSED
tests/test_ssm.py::test_s4_model_variants[cuda-0.0-16-1-32-32-11-2] PASSED
tests/test_ssm.py::test_s4_model_variants[cuda-0.0-16-1-32-32-11-4] PASSED
tests/test_ssm.py::test_s4_model_variants[cuda-0.0-16-1-64-16-5-2] PASSED
tests/test_ssm.py::test_s4_model_variants[cuda-0.0-16-1-64-16-5-4] PASSED
tests/test_ssm.py::test_s4_model_variants[cuda-0.0-16-1-64-16-11-2] PASSED
tests/test_ssm.py::test_s4_model_variants[cuda-0.0-16-1-64-16-11-4] PASSED
tests/test_ssm.py::test_s4_model_variants[cuda-0.0-16-1-64-32-5-2] PASSED
tests/test_ssm.py::test_s4_model_variants[cuda-0.0-16-1-64-32-5-4] PASSED
tests/test_ssm.py::test_s4_model_variants[cuda-0.0-16-1-64-32-11-2] PASSED
tests/test_ssm.py::test_s4_model_variants[cuda-0.0-16-1-64-32-11-4] PASSED
tests/test_ssm.py::test_s4_model_variants[cuda-0.0-16-2-32-16-5-2] PASSED
tests/test_ssm.py::test_s4_model_variants[cuda-0.0-16-2-32-16-5-4] PASSED
tests/test_ssm.py::test_s4_model_variants[cuda-0.0-16-2-32-16-11-2] PASSED
tests/test_ssm.py::test_s4_model_variants[cuda-0.0-16-2-32-16-11-4] PASSED
tests/test_ssm.py::test_s4_model_variants[cuda-0.0-16-2-32-32-5-2] PASSED
tests/test_ssm.py::test_s4_model_variants[cuda-0.0-16-2-32-32-5-4] PASSED
tests/test_ssm.py::test_s4_model_variants[cuda-0.0-16-2-32-32-11-2] PASSED
tests/test_ssm.py::test_s4_model_variants[cuda-0.0-16-2-32-32-11-4] PASSED
tests/test_ssm.py::test_s4_model_variants[cuda-0.0-16-2-64-16-5-2] PASSED
tests/test_ssm.py::test_s4_model_variants[cuda-0.0-16-2-64-16-5-4] PASSED
tests/test_ssm.py::test_s4_model_variants[cuda-0.0-16-2-64-16-11-2] PASSED
tests/test_ssm.py::test_s4_model_variants[cuda-0.0-16-2-64-16-11-4] PASSED
tests/test_ssm.py::test_s4_model_variants[cuda-0.0-16-2-64-32-5-2] PASSED
tests/test_ssm.py::test_s4_model_variants[cuda-0.0-16-2-64-32-5-4] PASSED
tests/test_ssm.py::test_s4_model_variants[cuda-0.0-16-2-64-32-11-2] PASSED
tests/test_ssm.py::test_s4_model_variants[cuda-0.0-16-2-64-32-11-4] PASSED
tests/test_ssm.py::test_s4_model_variants[cuda-0.1-8-1-32-16-5-2] PASSED
tests/test_ssm.py::test_s4_model_variants[cuda-0.1-8-1-32-16-5-4] PASSED
tests/test_ssm.py::test_s4_model_variants[cuda-0.1-8-1-32-16-11-2] PASSED
tests/test_ssm.py::test_s4_model_variants[cuda-0.1-8-1-32-16-11-4] PASSED
tests/test_ssm.py::test_s4_model_variants[cuda-0.1-8-1-32-32-5-2] PASSED
tests/test_ssm.py::test_s4_model_variants[cuda-0.1-8-1-32-32-5-4] PASSED
tests/test_ssm.py::test_s4_model_variants[cuda-0.1-8-1-32-32-11-2] PASSED
tests/test_ssm.py::test_s4_model_variants[cuda-0.1-8-1-32-32-11-4] PASSED
tests/test_ssm.py::test_s4_model_variants[cuda-0.1-8-1-64-16-5-2] PASSED
tests/test_ssm.py::test_s4_model_variants[cuda-0.1-8-1-64-16-5-4] PASSED
tests/test_ssm.py::test_s4_model_variants[cuda-0.1-8-1-64-16-11-2] PASSED
tests/test_ssm.py::test_s4_model_variants[cuda-0.1-8-1-64-16-11-4] PASSED
tests/test_ssm.py::test_s4_model_variants[cuda-0.1-8-1-64-32-5-2] PASSED
tests/test_ssm.py::test_s4_model_variants[cuda-0.1-8-1-64-32-5-4] PASSED
tests/test_ssm.py::test_s4_model_variants[cuda-0.1-8-1-64-32-11-2] PASSED
tests/test_ssm.py::test_s4_model_variants[cuda-0.1-8-1-64-32-11-4] PASSED
tests/test_ssm.py::test_s4_model_variants[cuda-0.1-8-2-32-16-5-2] PASSED
tests/test_ssm.py::test_s4_model_variants[cuda-0.1-8-2-32-16-5-4] PASSED
tests/test_ssm.py::test_s4_model_variants[cuda-0.1-8-2-32-16-11-2] PASSED
tests/test_ssm.py::test_s4_model_variants[cuda-0.1-8-2-32-16-11-4] PASSED
tests/test_ssm.py::test_s4_model_variants[cuda-0.1-8-2-32-32-5-2] PASSED
tests/test_ssm.py::test_s4_model_variants[cuda-0.1-8-2-32-32-5-4] PASSED
tests/test_ssm.py::test_s4_model_variants[cuda-0.1-8-2-32-32-11-2] PASSED
tests/test_ssm.py::test_s4_model_variants[cuda-0.1-8-2-32-32-11-4] PASSED
tests/test_ssm.py::test_s4_model_variants[cuda-0.1-8-2-64-16-5-2] PASSED
tests/test_ssm.py::test_s4_model_variants[cuda-0.1-8-2-64-16-5-4] PASSED
tests/test_ssm.py::test_s4_model_variants[cuda-0.1-8-2-64-16-11-2] PASSED
tests/test_ssm.py::test_s4_model_variants[cuda-0.1-8-2-64-16-11-4] PASSED
tests/test_ssm.py::test_s4_model_variants[cuda-0.1-8-2-64-32-5-2] PASSED
tests/test_ssm.py::test_s4_model_variants[cuda-0.1-8-2-64-32-5-4] PASSED
tests/test_ssm.py::test_s4_model_variants[cuda-0.1-8-2-64-32-11-2] PASSED
tests/test_ssm.py::test_s4_model_variants[cuda-0.1-8-2-64-32-11-4] PASSED
tests/test_ssm.py::test_s4_model_variants[cuda-0.1-16-1-32-16-5-2] PASSED
tests/test_ssm.py::test_s4_model_variants[cuda-0.1-16-1-32-16-5-4] PASSED
tests/test_ssm.py::test_s4_model_variants[cuda-0.1-16-1-32-16-11-2] PASSED
tests/test_ssm.py::test_s4_model_variants[cuda-0.1-16-1-32-16-11-4] PASSED
tests/test_ssm.py::test_s4_model_variants[cuda-0.1-16-1-32-32-5-2] PASSED
tests/test_ssm.py::test_s4_model_variants[cuda-0.1-16-1-32-32-5-4] PASSED
tests/test_ssm.py::test_s4_model_variants[cuda-0.1-16-1-32-32-11-2] PASSED
tests/test_ssm.py::test_s4_model_variants[cuda-0.1-16-1-32-32-11-4] PASSED
tests/test_ssm.py::test_s4_model_variants[cuda-0.1-16-1-64-16-5-2] PASSED
tests/test_ssm.py::test_s4_model_variants[cuda-0.1-16-1-64-16-5-4] PASSED
tests/test_ssm.py::test_s4_model_variants[cuda-0.1-16-1-64-16-11-2] PASSED
tests/test_ssm.py::test_s4_model_variants[cuda-0.1-16-1-64-16-11-4] PASSED
tests/test_ssm.py::test_s4_model_variants[cuda-0.1-16-1-64-32-5-2] PASSED
tests/test_ssm.py::test_s4_model_variants[cuda-0.1-16-1-64-32-5-4] PASSED
tests/test_ssm.py::test_s4_model_variants[cuda-0.1-16-1-64-32-11-2] PASSED
tests/test_ssm.py::test_s4_model_variants[cuda-0.1-16-1-64-32-11-4] PASSED
tests/test_ssm.py::test_s4_model_variants[cuda-0.1-16-2-32-16-5-2] PASSED
tests/test_ssm.py::test_s4_model_variants[cuda-0.1-16-2-32-16-5-4] PASSED
tests/test_ssm.py::test_s4_model_variants[cuda-0.1-16-2-32-16-11-2] PASSED
tests/test_ssm.py::test_s4_model_variants[cuda-0.1-16-2-32-16-11-4] PASSED
tests/test_ssm.py::test_s4_model_variants[cuda-0.1-16-2-32-32-5-2] PASSED
tests/test_ssm.py::test_s4_model_variants[cuda-0.1-16-2-32-32-5-4] PASSED
tests/test_ssm.py::test_s4_model_variants[cuda-0.1-16-2-32-32-11-2] PASSED
tests/test_ssm.py::test_s4_model_variants[cuda-0.1-16-2-32-32-11-4] PASSED
tests/test_ssm.py::test_s4_model_variants[cuda-0.1-16-2-64-16-5-2] PASSED
tests/test_ssm.py::test_s4_model_variants[cuda-0.1-16-2-64-16-5-4] PASSED
tests/test_ssm.py::test_s4_model_variants[cuda-0.1-16-2-64-16-11-2] PASSED
tests/test_ssm.py::test_s4_model_variants[cuda-0.1-16-2-64-16-11-4] PASSED
tests/test_ssm.py::test_s4_model_variants[cuda-0.1-16-2-64-32-5-2] PASSED
tests/test_ssm.py::test_s4_model_variants[cuda-0.1-16-2-64-32-5-4] PASSED
tests/test_ssm.py::test_s4_model_variants[cuda-0.1-16-2-64-32-11-2] PASSED
tests/test_ssm.py::test_s4_model_variants[cuda-0.1-16-2-64-32-11-4] PASSED
tests/test_ssm.py::test_s4_discretization PASSED
tests/test_ssm.py::test_s4_ssm_forward PASSED
tests/test_ssm.py::test_causal_conv_fft_parity PASSED
tests/test_ssm.py::test_s4_fft_flag_forward_and_backward PASSED
tests/test_ssm.py::test_s4_fft_vs_direct_tolerance PASSED
tests/test_ssm.py::test_s4_layer_blackbox[cpu] PASSED
tests/test_ssm.py::test_s4_layer_blackbox[cuda] PASSED
tests/test_ssm.py::test_s4_model_blackbox[cpu] PASSED
tests/test_ssm.py::test_s4_model_blackbox[cuda] PASSED

===================== 401 passed, 301 deselected in 4.70s ======================
